<?xml version="1.0" encoding="UTF-8"?>
<testsuite xmlns:xsi="http://www.w3.org/2001/XMLSchema-instance" xsi:noNamespaceSchemaLocation="https://maven.apache.org/surefire/maven-surefire-plugin/xsd/surefire-test-report-3.0.xsd" version="3.0" name="org.apache.commons.codec.binary.AllocateDirectHexTest" time="0.038" tests="236" errors="0" skipped="0" failures="0">
  <properties>
[...]
</properties>
  <testcase name="testEncodeHexByteString_ByteBufferBoolean_ToUpperCase" classname="org.apache.commons.codec.binary.AllocateDirectHexTest" time="0.0"/>
  <testcase name="testDecodeHexStringOddCharacters1" classname="org.apache.commons.codec.binary.AllocateDirectHexTest" time="0.0"/>
  <testcase name="testEncodeDecodeHexCharArrayRandom" classname="org.apache.commons.codec.binary.AllocateDirectHexTest" time="0.002"/>
  <testcase name="testDecodeByteBufferObjectEmpty" classname="org.apache.commons.codec.binary.AllocateDirectHexTest" time="0.0"/>
  <testcase name="testEncodeHexByteArrayHelloWorldLowerCaseHex" classname="org.apache.commons.codec.binary.AllocateDirectHexTest" time="0.0"/>
  <testcase name="testDecodeByteArrayOddCharacters" classname="org.apache.commons.codec.binary.AllocateDirectHexTest" time="0.0"/>
  <testcase name="testDecodeHexCharArrayOddCharacters1" classname="org.apache.commons.codec.binary.AllocateDirectHexTest" time="0.0"/>
  <testcase name="testDecodeHexCharArrayOddCharacters3" classname="org.apache.commons.codec.binary.AllocateDirectHexTest" time="0.0"/>
  <testcase name="testDecodeHexCharArrayOddCharacters5" classname="org.apache.commons.codec.binary.AllocateDirectHexTest" time="0.0"/>
  <testcase name="testDecodeByteBufferOddCharacters" classname="org.apache.commons.codec.binary.AllocateDirectHexTest" time="0.0"/>
  <testcase name="testEncodeHexByteBufferHelloWorldLowerCaseHex" classname="org.apache.commons.codec.binary.AllocateDirectHexTest" time="0.0"/>
  <testcase name="testEncodeHexByteArrayHelloWorldUpperCaseHex" classname="org.apache.commons.codec.binary.AllocateDirectHexTest" time="0.0"/>
  <testcase name="testDecodeByteBufferEmpty" classname="org.apache.commons.codec.binary.AllocateDirectHexTest" time="0.0"/>
  <testcase name="testDecodeHexCharArrayOutBufferUnderSized" classname="org.apache.commons.codec.binary.AllocateDirectHexTest" time="0.0"/>
  <testcase name="testDecodeHexCharArrayOutBufferUnderSizedByOffset" classname="org.apache.commons.codec.binary.AllocateDirectHexTest" time="0.0"/>
  <testcase name="testCustomCharset(String)[1]" classname="org.apache.commons.codec.binary.AllocateDirectHexTest" time="0.001"/>
  <testcase name="testCustomCharset(String)[2]" classname="org.apache.commons.codec.binary.AllocateDirectHexTest" time="0.0"/>
  <testcase name="testCustomCharset(String)[3]" classname="org.apache.commons.codec.binary.AllocateDirectHexTest" time="0.0"/>
  <testcase name="testCustomCharset(String)[4]" classname="org.apache.commons.codec.binary.AllocateDirectHexTest" time="0.0"/>
  <testcase name="testCustomCharset(String)[5]" classname="org.apache.commons.codec.binary.AllocateDirectHexTest" time="0.0"/>
  <testcase name="testCustomCharset(String)[6]" classname="org.apache.commons.codec.binary.AllocateDirectHexTest" time="0.0"/>
  <testcase name="testCustomCharset(String)[7]" classname="org.apache.commons.codec.binary.AllocateDirectHexTest" time="0.0"/>
  <testcase name="testCustomCharset(String)[8]" classname="org.apache.commons.codec.binary.AllocateDirectHexTest" time="0.0"/>
  <testcase name="testCustomCharset(String)[9]" classname="org.apache.commons.codec.binary.AllocateDirectHexTest" time="0.0"/>
  <testcase name="testCustomCharset(String)[10]" classname="org.apache.commons.codec.binary.AllocateDirectHexTest" time="0.0"/>
  <testcase name="testCustomCharset(String)[11]" classname="org.apache.commons.codec.binary.AllocateDirectHexTest" time="0.0"/>
  <testcase name="testCustomCharset(String)[12]" classname="org.apache.commons.codec.binary.AllocateDirectHexTest" time="0.0"/>
  <testcase name="testCustomCharset(String)[13]" classname="org.apache.commons.codec.binary.AllocateDirectHexTest" time="0.0"/>
  <testcase name="testCustomCharset(String)[14]" classname="org.apache.commons.codec.binary.AllocateDirectHexTest" time="0.0"/>
  <testcase name="testCustomCharset(String)[15]" classname="org.apache.commons.codec.binary.AllocateDirectHexTest" time="0.0"/>
  <testcase name="testCustomCharset(String)[16]" classname="org.apache.commons.codec.binary.AllocateDirectHexTest" time="0.0"/>
  <testcase name="testCustomCharset(String)[17]" classname="org.apache.commons.codec.binary.AllocateDirectHexTest" time="0.0"/>
  <testcase name="testCustomCharset(String)[18]" classname="org.apache.commons.codec.binary.AllocateDirectHexTest" time="0.0"/>
  <testcase name="testCustomCharset(String)[19]" classname="org.apache.commons.codec.binary.AllocateDirectHexTest" time="0.0"/>
  <testcase name="testCustomCharset(String)[20]" classname="org.apache.commons.codec.binary.AllocateDirectHexTest" time="0.0"/>
  <testcase name="testCustomCharset(String)[21]" classname="org.apache.commons.codec.binary.AllocateDirectHexTest" time="0.001"/>
  <testcase name="testCustomCharset(String)[22]" classname="org.apache.commons.codec.binary.AllocateDirectHexTest" time="0.0"/>
  <testcase name="testCustomCharset(String)[23]" classname="org.apache.commons.codec.binary.AllocateDirectHexTest" time="0.0"/>
  <testcase name="testCustomCharset(String)[24]" classname="org.apache.commons.codec.binary.AllocateDirectHexTest" time="0.0"/>
  <testcase name="testCustomCharset(String)[25]" classname="org.apache.commons.codec.binary.AllocateDirectHexTest" time="0.0"/>
  <testcase name="testCustomCharset(String)[26]" classname="org.apache.commons.codec.binary.AllocateDirectHexTest" time="0.001"/>
  <testcase name="testCustomCharset(String)[27]" classname="org.apache.commons.codec.binary.AllocateDirectHexTest" time="0.0"/>
  <testcase name="testCustomCharset(String)[28]" classname="org.apache.commons.codec.binary.AllocateDirectHexTest" time="0.0"/>
  <testcase name="testCustomCharset(String)[29]" classname="org.apache.commons.codec.binary.AllocateDirectHexTest" time="0.0"/>
  <testcase name="testCustomCharset(String)[30]" classname="org.apache.commons.codec.binary.AllocateDirectHexTest" time="0.0"/>
  <testcase name="testCustomCharset(String)[31]" classname="org.apache.commons.codec.binary.AllocateDirectHexTest" time="0.0"/>
  <testcase name="testCustomCharset(String)[32]" classname="org.apache.commons.codec.binary.AllocateDirectHexTest" time="0.0"/>
  <testcase name="testCustomCharset(String)[33]" classname="org.apache.commons.codec.binary.AllocateDirectHexTest" time="0.0"/>
  <testcase name="testCustomCharset(String)[34]" classname="org.apache.commons.codec.binary.AllocateDirectHexTest" time="0.0"/>
  <testcase name="testCustomCharset(String)[35]" classname="org.apache.commons.codec.binary.AllocateDirectHexTest" time="0.0"/>
  <testcase name="testCustomCharset(String)[36]" classname="org.apache.commons.codec.binary.AllocateDirectHexTest" time="0.0"/>
  <testcase name="testCustomCharset(String)[37]" classname="org.apache.commons.codec.binary.AllocateDirectHexTest" time="0.0"/>
  <testcase name="testCustomCharset(String)[38]" classname="org.apache.commons.codec.binary.AllocateDirectHexTest" time="0.0"/>
  <testcase name="testCustomCharset(String)[39]" classname="org.apache.commons.codec.binary.AllocateDirectHexTest" time="0.0"/>
  <testcase name="testCustomCharset(String)[40]" classname="org.apache.commons.codec.binary.AllocateDirectHexTest" time="0.0"/>
  <testcase name="testCustomCharset(String)[41]" classname="org.apache.commons.codec.binary.AllocateDirectHexTest" time="0.0"/>
  <testcase name="testCustomCharset(String)[42]" classname="org.apache.commons.codec.binary.AllocateDirectHexTest" time="0.0"/>
  <testcase name="testCustomCharset(String)[43]" classname="org.apache.commons.codec.binary.AllocateDirectHexTest" time="0.001"/>
  <testcase name="testCustomCharset(String)[44]" classname="org.apache.commons.codec.binary.AllocateDirectHexTest" time="0.0"/>
  <testcase name="testCustomCharset(String)[45]" classname="org.apache.commons.codec.binary.AllocateDirectHexTest" time="0.0"/>
  <testcase name="testCustomCharset(String)[46]" classname="org.apache.commons.codec.binary.AllocateDirectHexTest" time="0.0"/>
  <testcase name="testCustomCharset(String)[47]" classname="org.apache.commons.codec.binary.AllocateDirectHexTest" time="0.0"/>
  <testcase name="testCustomCharset(String)[48]" classname="org.apache.commons.codec.binary.AllocateDirectHexTest" time="0.0"/>
  <testcase name="testCustomCharset(String)[49]" classname="org.apache.commons.codec.binary.AllocateDirectHexTest" time="0.0"/>
  <testcase name="testCustomCharset(String)[50]" classname="org.apache.commons.codec.binary.AllocateDirectHexTest" time="0.0"/>
  <testcase name="testCustomCharset(String)[51]" classname="org.apache.commons.codec.binary.AllocateDirectHexTest" time="0.0"/>
  <testcase name="testCustomCharset(String)[52]" classname="org.apache.commons.codec.binary.AllocateDirectHexTest" time="0.0"/>
  <testcase name="testCustomCharset(String)[53]" classname="org.apache.commons.codec.binary.AllocateDirectHexTest" time="0.0"/>
  <testcase name="testCustomCharset(String)[54]" classname="org.apache.commons.codec.binary.AllocateDirectHexTest" time="0.0"/>
  <testcase name="testCustomCharset(String)[55]" classname="org.apache.commons.codec.binary.AllocateDirectHexTest" time="0.0"/>
  <testcase name="testCustomCharset(String)[56]" classname="org.apache.commons.codec.binary.AllocateDirectHexTest" time="0.0"/>
  <testcase name="testCustomCharset(String)[57]" classname="org.apache.commons.codec.binary.AllocateDirectHexTest" time="0.0"/>
  <testcase name="testCustomCharset(String)[58]" classname="org.apache.commons.codec.binary.AllocateDirectHexTest" time="0.0"/>
  <testcase name="testCustomCharset(String)[59]" classname="org.apache.commons.codec.binary.AllocateDirectHexTest" time="0.0"/>
  <testcase name="testCustomCharset(String)[60]" classname="org.apache.commons.codec.binary.AllocateDirectHexTest" time="0.0"/>
  <testcase name="testCustomCharset(String)[61]" classname="org.apache.commons.codec.binary.AllocateDirectHexTest" time="0.0"/>
  <testcase name="testCustomCharset(String)[62]" classname="org.apache.commons.codec.binary.AllocateDirectHexTest" time="0.0"/>
  <testcase name="testCustomCharset(String)[63]" classname="org.apache.commons.codec.binary.AllocateDirectHexTest" time="0.0"/>
  <testcase name="testCustomCharset(String)[64]" classname="org.apache.commons.codec.binary.AllocateDirectHexTest" time="0.0"/>
  <testcase name="testCustomCharset(String)[65]" classname="org.apache.commons.codec.binary.AllocateDirectHexTest" time="0.0"/>
  <testcase name="testCustomCharset(String)[66]" classname="org.apache.commons.codec.binary.AllocateDirectHexTest" time="0.0"/>
  <testcase name="testCustomCharset(String)[67]" classname="org.apache.commons.codec.binary.AllocateDirectHexTest" time="0.0"/>
  <testcase name="testCustomCharset(String)[68]" classname="org.apache.commons.codec.binary.AllocateDirectHexTest" time="0.0"/>
  <testcase name="testCustomCharset(String)[69]" classname="org.apache.commons.codec.binary.AllocateDirectHexTest" time="0.0"/>
  <testcase name="testCustomCharset(String)[70]" classname="org.apache.commons.codec.binary.AllocateDirectHexTest" time="0.0"/>
  <testcase name="testCustomCharset(String)[71]" classname="org.apache.commons.codec.binary.AllocateDirectHexTest" time="0.0"/>
  <testcase name="testCustomCharset(String)[72]" classname="org.apache.commons.codec.binary.AllocateDirectHexTest" time="0.0"/>
  <testcase name="testCustomCharset(String)[73]" classname="org.apache.commons.codec.binary.AllocateDirectHexTest" time="0.0"/>
  <testcase name="testCustomCharset(String)[74]" classname="org.apache.commons.codec.binary.AllocateDirectHexTest" time="0.0"/>
  <testcase name="testCustomCharset(String)[75]" classname="org.apache.commons.codec.binary.AllocateDirectHexTest" time="0.0"/>
  <testcase name="testCustomCharset(String)[76]" classname="org.apache.commons.codec.binary.AllocateDirectHexTest" time="0.0"/>
  <testcase name="testCustomCharset(String)[77]" classname="org.apache.commons.codec.binary.AllocateDirectHexTest" time="0.0"/>
  <testcase name="testCustomCharset(String)[78]" classname="org.apache.commons.codec.binary.AllocateDirectHexTest" time="0.001"/>
  <testcase name="testCustomCharset(String)[79]" classname="org.apache.commons.codec.binary.AllocateDirectHexTest" time="0.0"/>
  <testcase name="testCustomCharset(String)[80]" classname="org.apache.commons.codec.binary.AllocateDirectHexTest" time="0.0"/>
  <testcase name="testCustomCharset(String)[81]" classname="org.apache.commons.codec.binary.AllocateDirectHexTest" time="0.0"/>
  <testcase name="testCustomCharset(String)[82]" classname="org.apache.commons.codec.binary.AllocateDirectHexTest" time="0.0"/>
  <testcase name="testCustomCharset(String)[83]" classname="org.apache.commons.codec.binary.AllocateDirectHexTest" time="0.0"/>
  <testcase name="testCustomCharset(String)[84]" classname="org.apache.commons.codec.binary.AllocateDirectHexTest" time="0.0"/>
  <testcase name="testCustomCharset(String)[85]" classname="org.apache.commons.codec.binary.AllocateDirectHexTest" time="0.0"/>
  <testcase name="testCustomCharset(String)[86]" classname="org.apache.commons.codec.binary.AllocateDirectHexTest" time="0.0"/>
  <testcase name="testCustomCharset(String)[87]" classname="org.apache.commons.codec.binary.AllocateDirectHexTest" time="0.0"/>
  <testcase name="testCustomCharset(String)[88]" classname="org.apache.commons.codec.binary.AllocateDirectHexTest" time="0.0"/>
  <testcase name="testCustomCharset(String)[89]" classname="org.apache.commons.codec.binary.AllocateDirectHexTest" time="0.0"/>
  <testcase name="testCustomCharset(String)[90]" classname="org.apache.commons.codec.binary.AllocateDirectHexTest" time="0.0"/>
  <testcase name="testCustomCharset(String)[91]" classname="org.apache.commons.codec.binary.AllocateDirectHexTest" time="0.0"/>
  <testcase name="testCustomCharset(String)[92]" classname="org.apache.commons.codec.binary.AllocateDirectHexTest" time="0.0"/>
  <testcase name="testCustomCharset(String)[93]" classname="org.apache.commons.codec.binary.AllocateDirectHexTest" time="0.0"/>
  <testcase name="testCustomCharset(String)[94]" classname="org.apache.commons.codec.binary.AllocateDirectHexTest" time="0.0"/>
  <testcase name="testCustomCharset(String)[95]" classname="org.apache.commons.codec.binary.AllocateDirectHexTest" time="0.0"/>
  <testcase name="testCustomCharset(String)[96]" classname="org.apache.commons.codec.binary.AllocateDirectHexTest" time="0.001"/>
  <testcase name="testCustomCharset(String)[97]" classname="org.apache.commons.codec.binary.AllocateDirectHexTest" time="0.0"/>
  <testcase name="testCustomCharset(String)[98]" classname="org.apache.commons.codec.binary.AllocateDirectHexTest" time="0.0"/>
  <testcase name="testCustomCharset(String)[99]" classname="org.apache.commons.codec.binary.AllocateDirectHexTest" time="0.0"/>
  <testcase name="testCustomCharset(String)[100]" classname="org.apache.commons.codec.binary.AllocateDirectHexTest" time="0.0"/>
  <testcase name="testCustomCharset(String)[101]" classname="org.apache.commons.codec.binary.AllocateDirectHexTest" time="0.0"/>
  <testcase name="testCustomCharset(String)[102]" classname="org.apache.commons.codec.binary.AllocateDirectHexTest" time="0.0"/>
  <testcase name="testCustomCharset(String)[103]" classname="org.apache.commons.codec.binary.AllocateDirectHexTest" time="0.0"/>
  <testcase name="testCustomCharset(String)[104]" classname="org.apache.commons.codec.binary.AllocateDirectHexTest" time="0.0"/>
  <testcase name="testCustomCharset(String)[105]" classname="org.apache.commons.codec.binary.AllocateDirectHexTest" time="0.0"/>
  <testcase name="testCustomCharset(String)[106]" classname="org.apache.commons.codec.binary.AllocateDirectHexTest" time="0.0"/>
  <testcase name="testCustomCharset(String)[107]" classname="org.apache.commons.codec.binary.AllocateDirectHexTest" time="0.0"/>
  <testcase name="testCustomCharset(String)[108]" classname="org.apache.commons.codec.binary.AllocateDirectHexTest" time="0.0"/>
  <testcase name="testCustomCharset(String)[109]" classname="org.apache.commons.codec.binary.AllocateDirectHexTest" time="0.0"/>
  <testcase name="testCustomCharset(String)[110]" classname="org.apache.commons.codec.binary.AllocateDirectHexTest" time="0.0"/>
  <testcase name="testCustomCharset(String)[111]" classname="org.apache.commons.codec.binary.AllocateDirectHexTest" time="0.001"/>
  <testcase name="testCustomCharset(String)[112]" classname="org.apache.commons.codec.binary.AllocateDirectHexTest" time="0.0"/>
  <testcase name="testCustomCharset(String)[113]" classname="org.apache.commons.codec.binary.AllocateDirectHexTest" time="0.0"/>
  <testcase name="testCustomCharset(String)[114]" classname="org.apache.commons.codec.binary.AllocateDirectHexTest" time="0.0"/>
  <testcase name="testCustomCharset(String)[115]" classname="org.apache.commons.codec.binary.AllocateDirectHexTest" time="0.0"/>
  <testcase name="testCustomCharset(String)[116]" classname="org.apache.commons.codec.binary.AllocateDirectHexTest" time="0.0"/>
  <testcase name="testCustomCharset(String)[117]" classname="org.apache.commons.codec.binary.AllocateDirectHexTest" time="0.0"/>
  <testcase name="testCustomCharset(String)[118]" classname="org.apache.commons.codec.binary.AllocateDirectHexTest" time="0.0"/>
  <testcase name="testCustomCharset(String)[119]" classname="org.apache.commons.codec.binary.AllocateDirectHexTest" time="0.0"/>
  <testcase name="testCustomCharset(String)[120]" classname="org.apache.commons.codec.binary.AllocateDirectHexTest" time="0.0"/>
  <testcase name="testCustomCharset(String)[121]" classname="org.apache.commons.codec.binary.AllocateDirectHexTest" time="0.0"/>
  <testcase name="testCustomCharset(String)[122]" classname="org.apache.commons.codec.binary.AllocateDirectHexTest" time="0.0"/>
  <testcase name="testCustomCharset(String)[123]" classname="org.apache.commons.codec.binary.AllocateDirectHexTest" time="0.0"/>
  <testcase name="testCustomCharset(String)[124]" classname="org.apache.commons.codec.binary.AllocateDirectHexTest" time="0.0"/>
  <testcase name="testCustomCharset(String)[125]" classname="org.apache.commons.codec.binary.AllocateDirectHexTest" time="0.0"/>
  <testcase name="testCustomCharset(String)[126]" classname="org.apache.commons.codec.binary.AllocateDirectHexTest" time="0.0"/>
  <testcase name="testCustomCharset(String)[127]" classname="org.apache.commons.codec.binary.AllocateDirectHexTest" time="0.0"/>
  <testcase name="testCustomCharset(String)[128]" classname="org.apache.commons.codec.binary.AllocateDirectHexTest" time="0.0"/>
  <testcase name="testCustomCharset(String)[129]" classname="org.apache.commons.codec.binary.AllocateDirectHexTest" time="0.0"/>
  <testcase name="testCustomCharset(String)[130]" classname="org.apache.commons.codec.binary.AllocateDirectHexTest" time="0.0"/>
  <testcase name="testCustomCharset(String)[131]" classname="org.apache.commons.codec.binary.AllocateDirectHexTest" time="0.0"/>
  <testcase name="testCustomCharset(String)[132]" classname="org.apache.commons.codec.binary.AllocateDirectHexTest" time="0.001"/>
  <testcase name="testCustomCharset(String)[133]" classname="org.apache.commons.codec.binary.AllocateDirectHexTest" time="0.0"/>
  <testcase name="testCustomCharset(String)[134]" classname="org.apache.commons.codec.binary.AllocateDirectHexTest" time="0.0"/>
  <testcase name="testCustomCharset(String)[135]" classname="org.apache.commons.codec.binary.AllocateDirectHexTest" time="0.0"/>
  <testcase name="testCustomCharset(String)[136]" classname="org.apache.commons.codec.binary.AllocateDirectHexTest" time="0.0"/>
  <testcase name="testCustomCharset(String)[137]" classname="org.apache.commons.codec.binary.AllocateDirectHexTest" time="0.0"/>
  <testcase name="testCustomCharset(String)[138]" classname="org.apache.commons.codec.binary.AllocateDirectHexTest" time="0.0"/>
  <testcase name="testCustomCharset(String)[139]" classname="org.apache.commons.codec.binary.AllocateDirectHexTest" time="0.0"/>
  <testcase name="testCustomCharset(String)[140]" classname="org.apache.commons.codec.binary.AllocateDirectHexTest" time="0.0"/>
  <testcase name="testCustomCharset(String)[141]" classname="org.apache.commons.codec.binary.AllocateDirectHexTest" time="0.0"/>
  <testcase name="testCustomCharset(String)[142]" classname="org.apache.commons.codec.binary.AllocateDirectHexTest" time="0.0"/>
  <testcase name="testCustomCharset(String)[143]" classname="org.apache.commons.codec.binary.AllocateDirectHexTest" time="0.0"/>
  <testcase name="testCustomCharset(String)[144]" classname="org.apache.commons.codec.binary.AllocateDirectHexTest" time="0.0"/>
  <testcase name="testCustomCharset(String)[145]" classname="org.apache.commons.codec.binary.AllocateDirectHexTest" time="0.0"/>
  <testcase name="testCustomCharset(String)[146]" classname="org.apache.commons.codec.binary.AllocateDirectHexTest" time="0.001"/>
  <testcase name="testCustomCharset(String)[147]" classname="org.apache.commons.codec.binary.AllocateDirectHexTest" time="0.0"/>
  <testcase name="testCustomCharset(String)[148]" classname="org.apache.commons.codec.binary.AllocateDirectHexTest" time="0.0"/>
  <testcase name="testCustomCharset(String)[149]" classname="org.apache.commons.codec.binary.AllocateDirectHexTest" time="0.0"/>
  <testcase name="testCustomCharset(String)[150]" classname="org.apache.commons.codec.binary.AllocateDirectHexTest" time="0.0"/>
  <testcase name="testCustomCharset(String)[151]" classname="org.apache.commons.codec.binary.AllocateDirectHexTest" time="0.0"/>
  <testcase name="testCustomCharset(String)[152]" classname="org.apache.commons.codec.binary.AllocateDirectHexTest" time="0.0"/>
  <testcase name="testCustomCharset(String)[153]" classname="org.apache.commons.codec.binary.AllocateDirectHexTest" time="0.0"/>
  <testcase name="testCustomCharset(String)[154]" classname="org.apache.commons.codec.binary.AllocateDirectHexTest" time="0.001"/>
  <testcase name="testCustomCharset(String)[155]" classname="org.apache.commons.codec.binary.AllocateDirectHexTest" time="0.0"/>
  <testcase name="testCustomCharset(String)[156]" classname="org.apache.commons.codec.binary.AllocateDirectHexTest" time="0.0"/>
  <testcase name="testCustomCharset(String)[157]" classname="org.apache.commons.codec.binary.AllocateDirectHexTest" time="0.0"/>
  <testcase name="testCustomCharset(String)[158]" classname="org.apache.commons.codec.binary.AllocateDirectHexTest" time="0.0"/>
  <testcase name="testCustomCharset(String)[159]" classname="org.apache.commons.codec.binary.AllocateDirectHexTest" time="0.0"/>
  <testcase name="testCustomCharset(String)[160]" classname="org.apache.commons.codec.binary.AllocateDirectHexTest" time="0.0"/>
  <testcase name="testCustomCharset(String)[161]" classname="org.apache.commons.codec.binary.AllocateDirectHexTest" time="0.0"/>
  <testcase name="testCustomCharset(String)[162]" classname="org.apache.commons.codec.binary.AllocateDirectHexTest" time="0.001"/>
  <testcase name="testCustomCharset(String)[163]" classname="org.apache.commons.codec.binary.AllocateDirectHexTest" time="0.0"/>
  <testcase name="testCustomCharset(String)[164]" classname="org.apache.commons.codec.binary.AllocateDirectHexTest" time="0.0"/>
  <testcase name="testCustomCharset(String)[165]" classname="org.apache.commons.codec.binary.AllocateDirectHexTest" time="0.0"/>
  <testcase name="testCustomCharset(String)[166]" classname="org.apache.commons.codec.binary.AllocateDirectHexTest" time="0.0"/>
  <testcase name="testCustomCharset(String)[167]" classname="org.apache.commons.codec.binary.AllocateDirectHexTest" time="0.0"/>
  <testcase name="testCustomCharset(String)[168]" classname="org.apache.commons.codec.binary.AllocateDirectHexTest" time="0.0"/>
  <testcase name="testCustomCharset(String)[169]" classname="org.apache.commons.codec.binary.AllocateDirectHexTest" time="0.001"/>
  <testcase name="testCustomCharset(String)[170]" classname="org.apache.commons.codec.binary.AllocateDirectHexTest" time="0.0"/>
  <testcase name="testCustomCharset(String)[171]" classname="org.apache.commons.codec.binary.AllocateDirectHexTest" time="0.0"/>
  <testcase name="testCustomCharset(String)[172]" classname="org.apache.commons.codec.binary.AllocateDirectHexTest" time="0.0"/>
  <testcase name="testCustomCharset(String)[173]" classname="org.apache.commons.codec.binary.AllocateDirectHexTest" time="0.0"/>
  <testcase name="testEncodeHexByteArrayZeroes" classname="org.apache.commons.codec.binary.AllocateDirectHexTest" time="0.0"/>
  <testcase name="testEncodeClassCastException" classname="org.apache.commons.codec.binary.AllocateDirectHexTest" time="0.0"/>
  <testcase name="testEncodeByteBufferObjectEmpty" classname="org.apache.commons.codec.binary.AllocateDirectHexTest" time="0.0"/>
  <testcase name="testDecodeHexStringOddCharacters" classname="org.apache.commons.codec.binary.AllocateDirectHexTest" time="0.0"/>
  <testcase name="testDecodeStringEmpty" classname="org.apache.commons.codec.binary.AllocateDirectHexTest" time="0.0"/>
  <testcase name="testEncodeHexByteString_ByteBufferOfZeroesWithLimit" classname="org.apache.commons.codec.binary.AllocateDirectHexTest" time="0.001"/>
  <testcase name="testEncodeHexByteString_ByteArrayBoolean_ToLowerCase" classname="org.apache.commons.codec.binary.AllocateDirectHexTest" time="0.0"/>
  <testcase name="testEncodeHexByteBufferHelloWorldUpperCaseHex" classname="org.apache.commons.codec.binary.AllocateDirectHexTest" time="0.0"/>
  <testcase name="testCustomCharsetBadName" classname="org.apache.commons.codec.binary.AllocateDirectHexTest" time="0.0"/>
  <testcase name="testEncodeByteBufferEmpty" classname="org.apache.commons.codec.binary.AllocateDirectHexTest" time="0.0"/>
  <testcase name="testEncodeByteArrayObjectEmpty" classname="org.apache.commons.codec.binary.AllocateDirectHexTest" time="0.0"/>
  <testcase name="testEncodeHex_ByteBufferWithLimit" classname="org.apache.commons.codec.binary.AllocateDirectHexTest" time="0.001"/>
  <testcase name="testDecodeByteBufferAllocatedButEmpty" classname="org.apache.commons.codec.binary.AllocateDirectHexTest" time="0.0"/>
  <testcase name="testEncodeHexReadOnlyByteBuffer" classname="org.apache.commons.codec.binary.AllocateDirectHexTest" time="0.0"/>
  <testcase name="testDecodeByteBufferWithLimitOddCharacters" classname="org.apache.commons.codec.binary.AllocateDirectHexTest" time="0.0"/>
  <testcase name="testDecodeBadCharacterPos0" classname="org.apache.commons.codec.binary.AllocateDirectHexTest" time="0.0"/>
  <testcase name="testDecodeBadCharacterPos1" classname="org.apache.commons.codec.binary.AllocateDirectHexTest" time="0.0"/>
  <testcase name="testDecodeHexStringEmpty" classname="org.apache.commons.codec.binary.AllocateDirectHexTest" time="0.0"/>
  <testcase name="testEncodeHexByteString_ByteBufferWithLimitBoolean_ToLowerCase" classname="org.apache.commons.codec.binary.AllocateDirectHexTest" time="0.0"/>
  <testcase name="testEncodeHexByteString_ByteArrayBoolean_ToUpperCase" classname="org.apache.commons.codec.binary.AllocateDirectHexTest" time="0.0"/>
  <testcase name="testEncodeHexByteString_ByteArrayOfZeroes" classname="org.apache.commons.codec.binary.AllocateDirectHexTest" time="0.0"/>
  <testcase name="testEncodeStringEmpty" classname="org.apache.commons.codec.binary.AllocateDirectHexTest" time="0.0"/>
  <testcase name="testEncodeHexPartialInput" classname="org.apache.commons.codec.binary.AllocateDirectHexTest" time="0.0"/>
  <testcase name="testDecodeByteArrayEmpty" classname="org.apache.commons.codec.binary.AllocateDirectHexTest" time="0.0"/>
  <testcase name="testEncodeHex_ByteBufferOfZeroes" classname="org.apache.commons.codec.binary.AllocateDirectHexTest" time="0.0"/>
  <testcase name="testEncodeHexPartialInputOverbounds" classname="org.apache.commons.codec.binary.AllocateDirectHexTest" time="0.001"/>
  <testcase name="testGetCharset" classname="org.apache.commons.codec.binary.AllocateDirectHexTest" time="0.0"/>
  <testcase name="testEncodeHexByteString_ByteBufferWithLimitBoolean_ToUpperCase" classname="org.apache.commons.codec.binary.AllocateDirectHexTest" time="0.0"/>
  <testcase name="testGetCharsetName" classname="org.apache.commons.codec.binary.AllocateDirectHexTest" time="0.0"/>
  <testcase name="testDecodeClassCastException" classname="org.apache.commons.codec.binary.AllocateDirectHexTest" time="0.0"/>
  <testcase name="testEncodeHexByteString_ByteBufferOfZeroes" classname="org.apache.commons.codec.binary.AllocateDirectHexTest" time="0.0"/>
  <testcase name="testEncodeDecodeHexCharArrayRandomToOutput" classname="org.apache.commons.codec.binary.AllocateDirectHexTest" time="0.001"/>
  <testcase name="testEncodeHexByteString_ByteBufferBoolean_ToLowerCase" classname="org.apache.commons.codec.binary.AllocateDirectHexTest" time="0.0"/>
  <testcase name="testDecodeByteArrayObjectEmpty" classname="org.apache.commons.codec.binary.AllocateDirectHexTest" time="0.0"/>
  <testcase name="testEncodeByteArrayEmpty" classname="org.apache.commons.codec.binary.AllocateDirectHexTest" time="0.0"/>
  <testcase name="testEncodeByteBufferAllocatedButEmpty" classname="org.apache.commons.codec.binary.AllocateDirectHexTest" time="0.0"/>
  <testcase name="testDecodeByteBufferWithLimit" classname="org.apache.commons.codec.binary.AllocateDirectHexTest" time="0.0"/>
  <testcase name="testRequiredCharset(Charset)[1]" classname="org.apache.commons.codec.binary.AllocateDirectHexTest" time="0.0"/>
  <testcase name="testRequiredCharset(Charset)[2]" classname="org.apache.commons.codec.binary.AllocateDirectHexTest" time="0.0"/>
  <testcase name="testRequiredCharset(Charset)[3]" classname="org.apache.commons.codec.binary.AllocateDirectHexTest" time="0.001"/>
  <testcase name="testRequiredCharset(Charset)[4]" classname="org.apache.commons.codec.binary.AllocateDirectHexTest" time="0.0"/>
  <testcase name="testRequiredCharset(Charset)[5]" classname="org.apache.commons.codec.binary.AllocateDirectHexTest" time="0.0"/>
  <testcase name="testRequiredCharset(Charset)[6]" classname="org.apache.commons.codec.binary.AllocateDirectHexTest" time="0.0"/>
  <testcase name="testCustomCharsetToString" classname="org.apache.commons.codec.binary.AllocateDirectHexTest" time="0.0"/>
  <testcase name="testEncodeHexByteBufferEmpty" classname="org.apache.commons.codec.binary.AllocateDirectHexTest" time="0.0"/>
  <testcase name="testEncodeHexByteArrayEmpty" classname="org.apache.commons.codec.binary.AllocateDirectHexTest" time="0.0"/>
  <testcase name="testEncodeHexPartialInputUnderbounds" classname="org.apache.commons.codec.binary.AllocateDirectHexTest" time="0.0"/>
  <testcase name="testDecodeHexCharArrayEmpty" classname="org.apache.commons.codec.binary.AllocateDirectHexTest" time="0.0"/>
</testsuite>