<?xml version="1.0" encoding="UTF-8"?>
<testsuite xmlns:xsi="http://www.w3.org/2001/XMLSchema-instance" xsi:noNamespaceSchemaLocation="https://maven.apache.org/surefire/maven-surefire-plugin/xsd/surefire-test-report-3.0.xsd" version="3.0" name="org.apache.commons.codec.digest.MessageDigestAlgorithmsTest" time="5.296" tests="117" errors="0" skipped="0" failures="0">
  <properties>
[...]
</properties>
  <testcase name="testDigestPathOpenOptionsEmpty(String)[1]" classname="org.apache.commons.codec.digest.MessageDigestAlgorithmsTest" time="0.49"/>
  <testcase name="testDigestPathOpenOptionsEmpty(String)[2]" classname="org.apache.commons.codec.digest.MessageDigestAlgorithmsTest" time="0.025"/>
  <testcase name="testDigestPathOpenOptionsEmpty(String)[3]" classname="org.apache.commons.codec.digest.MessageDigestAlgorithmsTest" time="0.028"/>
  <testcase name="testDigestPathOpenOptionsEmpty(String)[4]" classname="org.apache.commons.codec.digest.MessageDigestAlgorithmsTest" time="0.016"/>
  <testcase name="testDigestPathOpenOptionsEmpty(String)[5]" classname="org.apache.commons.codec.digest.MessageDigestAlgorithmsTest" time="0.019"/>
  <testcase name="testDigestPathOpenOptionsEmpty(String)[6]" classname="org.apache.commons.codec.digest.MessageDigestAlgorithmsTest" time="0.02"/>
  <testcase name="testDigestPathOpenOptionsEmpty(String)[7]" classname="org.apache.commons.codec.digest.MessageDigestAlgorithmsTest" time="0.015"/>
  <testcase name="testDigestPathOpenOptionsEmpty(String)[8]" classname="org.apache.commons.codec.digest.MessageDigestAlgorithmsTest" time="0.009"/>
  <testcase name="testDigestPathOpenOptionsEmpty(String)[9]" classname="org.apache.commons.codec.digest.MessageDigestAlgorithmsTest" time="0.01"/>
  <testcase name="testDigestPathOpenOptionsEmpty(String)[10]" classname="org.apache.commons.codec.digest.MessageDigestAlgorithmsTest" time="0.039"/>
  <testcase name="testDigestPathOpenOptionsEmpty(String)[11]" classname="org.apache.commons.codec.digest.MessageDigestAlgorithmsTest" time="0.077"/>
  <testcase name="testDigestPathOpenOptionsEmpty(String)[12]" classname="org.apache.commons.codec.digest.MessageDigestAlgorithmsTest" time="0.011"/>
  <testcase name="testDigestPathOpenOptionsEmpty(String)[13]" classname="org.apache.commons.codec.digest.MessageDigestAlgorithmsTest" time="0.016"/>
  <testcase name="testDigestFile(String)[1]" classname="org.apache.commons.codec.digest.MessageDigestAlgorithmsTest" time="0.471"/>
  <testcase name="testDigestFile(String)[2]" classname="org.apache.commons.codec.digest.MessageDigestAlgorithmsTest" time="0.014"/>
  <testcase name="testDigestFile(String)[3]" classname="org.apache.commons.codec.digest.MessageDigestAlgorithmsTest" time="0.006"/>
  <testcase name="testDigestFile(String)[4]" classname="org.apache.commons.codec.digest.MessageDigestAlgorithmsTest" time="0.005"/>
  <testcase name="testDigestFile(String)[5]" classname="org.apache.commons.codec.digest.MessageDigestAlgorithmsTest" time="0.006"/>
  <testcase name="testDigestFile(String)[6]" classname="org.apache.commons.codec.digest.MessageDigestAlgorithmsTest" time="0.009"/>
  <testcase name="testDigestFile(String)[7]" classname="org.apache.commons.codec.digest.MessageDigestAlgorithmsTest" time="0.009"/>
  <testcase name="testDigestFile(String)[8]" classname="org.apache.commons.codec.digest.MessageDigestAlgorithmsTest" time="0.01"/>
  <testcase name="testDigestFile(String)[9]" classname="org.apache.commons.codec.digest.MessageDigestAlgorithmsTest" time="0.009"/>
  <testcase name="testDigestFile(String)[10]" classname="org.apache.commons.codec.digest.MessageDigestAlgorithmsTest" time="0.011"/>
  <testcase name="testDigestFile(String)[11]" classname="org.apache.commons.codec.digest.MessageDigestAlgorithmsTest" time="0.009"/>
  <testcase name="testDigestFile(String)[12]" classname="org.apache.commons.codec.digest.MessageDigestAlgorithmsTest" time="0.011"/>
  <testcase name="testDigestFile(String)[13]" classname="org.apache.commons.codec.digest.MessageDigestAlgorithmsTest" time="0.014"/>
  <testcase name="testDigestInputStream(String)[1]" classname="org.apache.commons.codec.digest.MessageDigestAlgorithmsTest" time="0.475"/>
  <testcase name="testDigestInputStream(String)[2]" classname="org.apache.commons.codec.digest.MessageDigestAlgorithmsTest" time="0.021"/>
  <testcase name="testDigestInputStream(String)[3]" classname="org.apache.commons.codec.digest.MessageDigestAlgorithmsTest" time="0.013"/>
  <testcase name="testDigestInputStream(String)[4]" classname="org.apache.commons.codec.digest.MessageDigestAlgorithmsTest" time="0.014"/>
  <testcase name="testDigestInputStream(String)[5]" classname="org.apache.commons.codec.digest.MessageDigestAlgorithmsTest" time="0.021"/>
  <testcase name="testDigestInputStream(String)[6]" classname="org.apache.commons.codec.digest.MessageDigestAlgorithmsTest" time="0.016"/>
  <testcase name="testDigestInputStream(String)[7]" classname="org.apache.commons.codec.digest.MessageDigestAlgorithmsTest" time="0.016"/>
  <testcase name="testDigestInputStream(String)[8]" classname="org.apache.commons.codec.digest.MessageDigestAlgorithmsTest" time="0.018"/>
  <testcase name="testDigestInputStream(String)[9]" classname="org.apache.commons.codec.digest.MessageDigestAlgorithmsTest" time="0.021"/>
  <testcase name="testDigestInputStream(String)[10]" classname="org.apache.commons.codec.digest.MessageDigestAlgorithmsTest" time="0.02"/>
  <testcase name="testDigestInputStream(String)[11]" classname="org.apache.commons.codec.digest.MessageDigestAlgorithmsTest" time="0.022"/>
  <testcase name="testDigestInputStream(String)[12]" classname="org.apache.commons.codec.digest.MessageDigestAlgorithmsTest" time="0.022"/>
  <testcase name="testDigestInputStream(String)[13]" classname="org.apache.commons.codec.digest.MessageDigestAlgorithmsTest" time="0.025"/>
  <testcase name="testNonBlockingDigestRandomAccessFile(String)[1]" classname="org.apache.commons.codec.digest.MessageDigestAlgorithmsTest" time="0.366"/>
  <testcase name="testNonBlockingDigestRandomAccessFile(String)[2]" classname="org.apache.commons.codec.digest.MessageDigestAlgorithmsTest" time="0.013"/>
  <testcase name="testNonBlockingDigestRandomAccessFile(String)[3]" classname="org.apache.commons.codec.digest.MessageDigestAlgorithmsTest" time="0.013"/>
  <testcase name="testNonBlockingDigestRandomAccessFile(String)[4]" classname="org.apache.commons.codec.digest.MessageDigestAlgorithmsTest" time="0.016"/>
  <testcase name="testNonBlockingDigestRandomAccessFile(String)[5]" classname="org.apache.commons.codec.digest.MessageDigestAlgorithmsTest" time="0.013"/>
  <testcase name="testNonBlockingDigestRandomAccessFile(String)[6]" classname="org.apache.commons.codec.digest.MessageDigestAlgorithmsTest" time="0.011"/>
  <testcase name="testNonBlockingDigestRandomAccessFile(String)[7]" classname="org.apache.commons.codec.digest.MessageDigestAlgorithmsTest" time="0.015"/>
  <testcase name="testNonBlockingDigestRandomAccessFile(String)[8]" classname="org.apache.commons.codec.digest.MessageDigestAlgorithmsTest" time="0.02"/>
  <testcase name="testNonBlockingDigestRandomAccessFile(String)[9]" classname="org.apache.commons.codec.digest.MessageDigestAlgorithmsTest" time="0.016"/>
  <testcase name="testNonBlockingDigestRandomAccessFile(String)[10]" classname="org.apache.commons.codec.digest.MessageDigestAlgorithmsTest" time="0.016"/>
  <testcase name="testNonBlockingDigestRandomAccessFile(String)[11]" classname="org.apache.commons.codec.digest.MessageDigestAlgorithmsTest" time="0.02"/>
  <testcase name="testNonBlockingDigestRandomAccessFile(String)[12]" classname="org.apache.commons.codec.digest.MessageDigestAlgorithmsTest" time="0.024"/>
  <testcase name="testNonBlockingDigestRandomAccessFile(String)[13]" classname="org.apache.commons.codec.digest.MessageDigestAlgorithmsTest" time="0.026"/>
  <testcase name="testGetMessageDigest(String)[1]" classname="org.apache.commons.codec.digest.MessageDigestAlgorithmsTest" time="0.018"/>
  <testcase name="testGetMessageDigest(String)[2]" classname="org.apache.commons.codec.digest.MessageDigestAlgorithmsTest" time="0.016"/>
  <testcase name="testGetMessageDigest(String)[3]" classname="org.apache.commons.codec.digest.MessageDigestAlgorithmsTest" time="0.019"/>
  <testcase name="testGetMessageDigest(String)[4]" classname="org.apache.commons.codec.digest.MessageDigestAlgorithmsTest" time="0.018"/>
  <testcase name="testGetMessageDigest(String)[5]" classname="org.apache.commons.codec.digest.MessageDigestAlgorithmsTest" time="0.013"/>
  <testcase name="testGetMessageDigest(String)[6]" classname="org.apache.commons.codec.digest.MessageDigestAlgorithmsTest" time="0.017"/>
  <testcase name="testGetMessageDigest(String)[7]" classname="org.apache.commons.codec.digest.MessageDigestAlgorithmsTest" time="0.016"/>
  <testcase name="testGetMessageDigest(String)[8]" classname="org.apache.commons.codec.digest.MessageDigestAlgorithmsTest" time="0.017"/>
  <testcase name="testGetMessageDigest(String)[9]" classname="org.apache.commons.codec.digest.MessageDigestAlgorithmsTest" time="0.018"/>
  <testcase name="testGetMessageDigest(String)[10]" classname="org.apache.commons.codec.digest.MessageDigestAlgorithmsTest" time="0.018"/>
  <testcase name="testGetMessageDigest(String)[11]" classname="org.apache.commons.codec.digest.MessageDigestAlgorithmsTest" time="0.019"/>
  <testcase name="testGetMessageDigest(String)[12]" classname="org.apache.commons.codec.digest.MessageDigestAlgorithmsTest" time="0.018"/>
  <testcase name="testGetMessageDigest(String)[13]" classname="org.apache.commons.codec.digest.MessageDigestAlgorithmsTest" time="0.019"/>
  <testcase name="testDigestByteBuffer(String)[1]" classname="org.apache.commons.codec.digest.MessageDigestAlgorithmsTest" time="0.503"/>
  <testcase name="testDigestByteBuffer(String)[2]" classname="org.apache.commons.codec.digest.MessageDigestAlgorithmsTest" time="0.024"/>
  <testcase name="testDigestByteBuffer(String)[3]" classname="org.apache.commons.codec.digest.MessageDigestAlgorithmsTest" time="0.018"/>
  <testcase name="testDigestByteBuffer(String)[4]" classname="org.apache.commons.codec.digest.MessageDigestAlgorithmsTest" time="0.014"/>
  <testcase name="testDigestByteBuffer(String)[5]" classname="org.apache.commons.codec.digest.MessageDigestAlgorithmsTest" time="0.044"/>
  <testcase name="testDigestByteBuffer(String)[6]" classname="org.apache.commons.codec.digest.MessageDigestAlgorithmsTest" time="0.011"/>
  <testcase name="testDigestByteBuffer(String)[7]" classname="org.apache.commons.codec.digest.MessageDigestAlgorithmsTest" time="0.017"/>
  <testcase name="testDigestByteBuffer(String)[8]" classname="org.apache.commons.codec.digest.MessageDigestAlgorithmsTest" time="0.013"/>
  <testcase name="testDigestByteBuffer(String)[9]" classname="org.apache.commons.codec.digest.MessageDigestAlgorithmsTest" time="0.017"/>
  <testcase name="testDigestByteBuffer(String)[10]" classname="org.apache.commons.codec.digest.MessageDigestAlgorithmsTest" time="0.013"/>
  <testcase name="testDigestByteBuffer(String)[11]" classname="org.apache.commons.codec.digest.MessageDigestAlgorithmsTest" time="0.019"/>
  <testcase name="testDigestByteBuffer(String)[12]" classname="org.apache.commons.codec.digest.MessageDigestAlgorithmsTest" time="0.011"/>
  <testcase name="testDigestByteBuffer(String)[13]" classname="org.apache.commons.codec.digest.MessageDigestAlgorithmsTest" time="0.025"/>
  <testcase name="testAlgorithm(String)[1]" classname="org.apache.commons.codec.digest.MessageDigestAlgorithmsTest" time="0.019"/>
  <testcase name="testAlgorithm(String)[2]" classname="org.apache.commons.codec.digest.MessageDigestAlgorithmsTest" time="0.018"/>
  <testcase name="testAlgorithm(String)[3]" classname="org.apache.commons.codec.digest.MessageDigestAlgorithmsTest" time="0.014"/>
  <testcase name="testAlgorithm(String)[4]" classname="org.apache.commons.codec.digest.MessageDigestAlgorithmsTest" time="0.019"/>
  <testcase name="testAlgorithm(String)[5]" classname="org.apache.commons.codec.digest.MessageDigestAlgorithmsTest" time="0.015"/>
  <testcase name="testAlgorithm(String)[6]" classname="org.apache.commons.codec.digest.MessageDigestAlgorithmsTest" time="0.018"/>
  <testcase name="testAlgorithm(String)[7]" classname="org.apache.commons.codec.digest.MessageDigestAlgorithmsTest" time="0.006"/>
  <testcase name="testAlgorithm(String)[8]" classname="org.apache.commons.codec.digest.MessageDigestAlgorithmsTest" time="0.017"/>
  <testcase name="testAlgorithm(String)[9]" classname="org.apache.commons.codec.digest.MessageDigestAlgorithmsTest" time="0.014"/>
  <testcase name="testAlgorithm(String)[10]" classname="org.apache.commons.codec.digest.MessageDigestAlgorithmsTest" time="0.018"/>
  <testcase name="testAlgorithm(String)[11]" classname="org.apache.commons.codec.digest.MessageDigestAlgorithmsTest" time="0.017"/>
  <testcase name="testAlgorithm(String)[12]" classname="org.apache.commons.codec.digest.MessageDigestAlgorithmsTest" time="0.015"/>
  <testcase name="testAlgorithm(String)[13]" classname="org.apache.commons.codec.digest.MessageDigestAlgorithmsTest" time="0.019"/>
  <testcase name="testDigestByteArray(String)[1]" classname="org.apache.commons.codec.digest.MessageDigestAlgorithmsTest" time="0.583"/>
  <testcase name="testDigestByteArray(String)[2]" classname="org.apache.commons.codec.digest.MessageDigestAlgorithmsTest" time="0.018"/>
  <testcase name="testDigestByteArray(String)[3]" classname="org.apache.commons.codec.digest.MessageDigestAlgorithmsTest" time="0.007"/>
  <testcase name="testDigestByteArray(String)[4]" classname="org.apache.commons.codec.digest.MessageDigestAlgorithmsTest" time="0.007"/>
  <testcase name="testDigestByteArray(String)[5]" classname="org.apache.commons.codec.digest.MessageDigestAlgorithmsTest" time="0.007"/>
  <testcase name="testDigestByteArray(String)[6]" classname="org.apache.commons.codec.digest.MessageDigestAlgorithmsTest" time="0.008"/>
  <testcase name="testDigestByteArray(String)[7]" classname="org.apache.commons.codec.digest.MessageDigestAlgorithmsTest" time="0.008"/>
  <testcase name="testDigestByteArray(String)[8]" classname="org.apache.commons.codec.digest.MessageDigestAlgorithmsTest" time="0.008"/>
  <testcase name="testDigestByteArray(String)[9]" classname="org.apache.commons.codec.digest.MessageDigestAlgorithmsTest" time="0.008"/>
  <testcase name="testDigestByteArray(String)[10]" classname="org.apache.commons.codec.digest.MessageDigestAlgorithmsTest" time="0.009"/>
  <testcase name="testDigestByteArray(String)[11]" classname="org.apache.commons.codec.digest.MessageDigestAlgorithmsTest" time="0.009"/>
  <testcase name="testDigestByteArray(String)[12]" classname="org.apache.commons.codec.digest.MessageDigestAlgorithmsTest" time="0.011"/>
  <testcase name="testDigestByteArray(String)[13]" classname="org.apache.commons.codec.digest.MessageDigestAlgorithmsTest" time="0.012"/>
  <testcase name="testDigestPathStandardOpenOptionRead(String)[1]" classname="org.apache.commons.codec.digest.MessageDigestAlgorithmsTest" time="0.517"/>
  <testcase name="testDigestPathStandardOpenOptionRead(String)[2]" classname="org.apache.commons.codec.digest.MessageDigestAlgorithmsTest" time="0.022"/>
  <testcase name="testDigestPathStandardOpenOptionRead(String)[3]" classname="org.apache.commons.codec.digest.MessageDigestAlgorithmsTest" time="0.021"/>
  <testcase name="testDigestPathStandardOpenOptionRead(String)[4]" classname="org.apache.commons.codec.digest.MessageDigestAlgorithmsTest" time="0.02"/>
  <testcase name="testDigestPathStandardOpenOptionRead(String)[5]" classname="org.apache.commons.codec.digest.MessageDigestAlgorithmsTest" time="0.018"/>
  <testcase name="testDigestPathStandardOpenOptionRead(String)[6]" classname="org.apache.commons.codec.digest.MessageDigestAlgorithmsTest" time="0.022"/>
  <testcase name="testDigestPathStandardOpenOptionRead(String)[7]" classname="org.apache.commons.codec.digest.MessageDigestAlgorithmsTest" time="0.021"/>
  <testcase name="testDigestPathStandardOpenOptionRead(String)[8]" classname="org.apache.commons.codec.digest.MessageDigestAlgorithmsTest" time="0.019"/>
  <testcase name="testDigestPathStandardOpenOptionRead(String)[9]" classname="org.apache.commons.codec.digest.MessageDigestAlgorithmsTest" time="0.021"/>
  <testcase name="testDigestPathStandardOpenOptionRead(String)[10]" classname="org.apache.commons.codec.digest.MessageDigestAlgorithmsTest" time="0.022"/>
  <testcase name="testDigestPathStandardOpenOptionRead(String)[11]" classname="org.apache.commons.codec.digest.MessageDigestAlgorithmsTest" time="0.022"/>
  <testcase name="testDigestPathStandardOpenOptionRead(String)[12]" classname="org.apache.commons.codec.digest.MessageDigestAlgorithmsTest" time="0.023"/>
  <testcase name="testDigestPathStandardOpenOptionRead(String)[13]" classname="org.apache.commons.codec.digest.MessageDigestAlgorithmsTest" time="0.025"/>
</testsuite>