<?xml version="1.0" encoding="UTF-8"?>
<testsuite xmlns:xsi="http://www.w3.org/2001/XMLSchema-instance" xsi:noNamespaceSchemaLocation="https://maven.apache.org/surefire/maven-surefire-plugin/xsd/surefire-test-report-3.0.xsd" version="3.0" name="org.apache.commons.codec.language.MatchRatingApproachEncoderTest" time="0.01" tests="99" errors="0" skipped="0" failures="0">
  <properties>
[...]
</properties>
  <testcase name="testEncodeWithInvalidObject" classname="org.apache.commons.codec.language.MatchRatingApproachEncoderTest" time="0.0"/>
  <testcase name="testEncodeNull" classname="org.apache.commons.codec.language.MatchRatingApproachEncoderTest" time="0.0"/>
  <testcase name="testEncodeEmpty" classname="org.apache.commons.codec.language.MatchRatingApproachEncoderTest" time="0.0"/>
  <testcase name="testLocaleIndependence" classname="org.apache.commons.codec.language.MatchRatingApproachEncoderTest" time="0.0"/>
  <testcase name="testCompare_SOPHIE_SOFIA_SuccessfullyMatched" classname="org.apache.commons.codec.language.MatchRatingApproachEncoderTest" time="0.001"/>
  <testcase name="testGetMinRating_1_Returns5_Successfully" classname="org.apache.commons.codec.language.MatchRatingApproachEncoderTest" time="0.0"/>
  <testcase name="testCompare_SurnameCornerCase_Nulls_NoMatch" classname="org.apache.commons.codec.language.MatchRatingApproachEncoderTest" time="0.0"/>
  <testcase name="testGetMinRating_7_Return4_Successfully" classname="org.apache.commons.codec.language.MatchRatingApproachEncoderTest" time="0.0"/>
  <testcase name="testCompare_SAM_SAMUEL_SuccessfullyMatched" classname="org.apache.commons.codec.language.MatchRatingApproachEncoderTest" time="0.0"/>
  <testcase name="testIsVowel_SingleVowel_ReturnsTrue" classname="org.apache.commons.codec.language.MatchRatingApproachEncoderTest" time="0.0"/>
  <testcase name="testgetMinRating_6_Returns4_Successfully" classname="org.apache.commons.codec.language.MatchRatingApproachEncoderTest" time="0.0"/>
  <testcase name="testAccentRemoval_NullValue_ReturnNullSuccessfully" classname="org.apache.commons.codec.language.MatchRatingApproachEncoderTest" time="0.0"/>
  <testcase name="testCompare_STEPHEN_STEVEN_SuccessfullyMatched" classname="org.apache.commons.codec.language.MatchRatingApproachEncoderTest" time="0.0"/>
  <testcase name="testCompare_Surname_MOSKOWITZ_MOSKOVITZ_SuccessfullyMatched" classname="org.apache.commons.codec.language.MatchRatingApproachEncoderTest" time="0.001"/>
  <testcase name="testCompare_SurnamesCornerCase_MURPHY_Space_NoMatch" classname="org.apache.commons.codec.language.MatchRatingApproachEncoderTest" time="0.0"/>
  <testcase name="testCompare_OONA_OONAGH_SuccessfullyMatched" classname="org.apache.commons.codec.language.MatchRatingApproachEncoderTest" time="0.0"/>
  <testcase name="testCompare_Forenames_SEAN_JOHN_MatchExpected" classname="org.apache.commons.codec.language.MatchRatingApproachEncoderTest" time="0.0"/>
  <testcase name="testCompare_Surname_HAILEY_HALLEY_SuccessfullyMatched" classname="org.apache.commons.codec.language.MatchRatingApproachEncoderTest" time="0.0"/>
  <testcase name="testCompare_TOMASZ_TOM_SuccessfullyMatched" classname="org.apache.commons.codec.language.MatchRatingApproachEncoderTest" time="0.0"/>
  <testcase name="testCompare_KARL_ALESSANDRO_DoesNotMatch" classname="org.apache.commons.codec.language.MatchRatingApproachEncoderTest" time="0.0"/>
  <testcase name="testPunctuationOnly" classname="org.apache.commons.codec.language.MatchRatingApproachEncoderTest" time="0.0"/>
  <testcase name="testCompare_Surname_LIPSHITZ_LIPPSZYC_SuccessfullyMatched" classname="org.apache.commons.codec.language.MatchRatingApproachEncoderTest" time="0.0"/>
  <testcase name="testCompare_CATHERINE_KATHRYN_SuccessfullyMatched" classname="org.apache.commons.codec.language.MatchRatingApproachEncoderTest" time="0.001"/>
  <testcase name="testVowelAndPunctuationOnly" classname="org.apache.commons.codec.language.MatchRatingApproachEncoderTest" time="0.0"/>
  <testcase name="testRemoveVowel__AIDAN_Returns_ADN" classname="org.apache.commons.codec.language.MatchRatingApproachEncoderTest" time="0.0"/>
  <testcase name="testIsVowel_CapitalA_ReturnsTrue" classname="org.apache.commons.codec.language.MatchRatingApproachEncoderTest" time="0.0"/>
  <testcase name="testRemoveSingleDoubleConsonants_BUBLE_RemovedSuccessfully" classname="org.apache.commons.codec.language.MatchRatingApproachEncoderTest" time="0.0"/>
  <testcase name="testRemoveDoubleConsonants_MISSISSIPPI_RemovedSuccessfully" classname="org.apache.commons.codec.language.MatchRatingApproachEncoderTest" time="0.0"/>
  <testcase name="testVowelOnly" classname="org.apache.commons.codec.language.MatchRatingApproachEncoderTest" time="0.0"/>
  <testcase name="testAccentRemoval_UpperAndLower_SuccessfullyRemovedAndCaseInvariant" classname="org.apache.commons.codec.language.MatchRatingApproachEncoderTest" time="0.0"/>
  <testcase name="testGetEncoding_Null_to_Nothing" classname="org.apache.commons.codec.language.MatchRatingApproachEncoderTest" time="0.0"/>
  <testcase name="testCompareNameSameNames_ReturnsFalseSuccessfully" classname="org.apache.commons.codec.language.MatchRatingApproachEncoderTest" time="0.0"/>
  <testcase name="testGetMinRating_2_Returns5_Successfully" classname="org.apache.commons.codec.language.MatchRatingApproachEncoderTest" time="0.0"/>
  <testcase name="testCompare_ZACH_ZAKARIA_SuccessfullyMatched" classname="org.apache.commons.codec.language.MatchRatingApproachEncoderTest" time="0.0"/>
  <testcase name="testCompare_MCGOWAN_MCGEOGHEGAN_SuccessfullyMatched" classname="org.apache.commons.codec.language.MatchRatingApproachEncoderTest" time="0.0"/>
  <testcase name="testCompare_Surname_SZLAMAWICZ_SHLAMOVITZ_SuccessfullyMatched" classname="org.apache.commons.codec.language.MatchRatingApproachEncoderTest" time="0.0"/>
  <testcase name="testIsEncodeEquals_CornerCase_SecondNameJustSpace_ReturnsFalse" classname="org.apache.commons.codec.language.MatchRatingApproachEncoderTest" time="0.0"/>
  <testcase name="testRemoveVowel_ALESSANDRA_Returns_ALSSNDR" classname="org.apache.commons.codec.language.MatchRatingApproachEncoderTest" time="0.0"/>
  <testcase name="testCompare_ShortNames_AL_ED_WorksButNoMatch" classname="org.apache.commons.codec.language.MatchRatingApproachEncoderTest" time="0.0"/>
  <testcase name="testLeftToRightThenRightToLeft_ALEXANDER_ALEXANDRA_Returns4" classname="org.apache.commons.codec.language.MatchRatingApproachEncoderTest" time="0.0"/>
  <testcase name="testAccentRemoval_ComprehensiveAccentMix_AllSuccessfullyRemoved" classname="org.apache.commons.codec.language.MatchRatingApproachEncoderTest" time="0.0"/>
  <testcase name="testgetMinRating_7_Returns4_Successfully" classname="org.apache.commons.codec.language.MatchRatingApproachEncoderTest" time="0.0"/>
  <testcase name="testCompare_SMITH_SMYTH_SuccessfullyMatched" classname="org.apache.commons.codec.language.MatchRatingApproachEncoderTest" time="0.0"/>
  <testcase name="testGetEncoding_HARPER_HRPR" classname="org.apache.commons.codec.language.MatchRatingApproachEncoderTest" time="0.0"/>
  <testcase name="testCompare_STEPHEN_STEFAN_SuccessfullyMatched" classname="org.apache.commons.codec.language.MatchRatingApproachEncoderTest" time="0.0"/>
  <testcase name="testCleanName_SuccessfullyClean" classname="org.apache.commons.codec.language.MatchRatingApproachEncoderTest" time="0.0"/>
  <testcase name="testCompare_MICKY_MICHAEL_SuccessfullyMatched" classname="org.apache.commons.codec.language.MatchRatingApproachEncoderTest" time="0.001"/>
  <testcase name="testIsVowel_SmallD_ReturnsFalse" classname="org.apache.commons.codec.language.MatchRatingApproachEncoderTest" time="0.0"/>
  <testcase name="testAccentRemoval_GerSpanFrenMix_SuccessfullyRemoved" classname="org.apache.commons.codec.language.MatchRatingApproachEncoderTest" time="0.0"/>
  <testcase name="testIsEncodeEquals_CornerCase_FirstNameJust1Letter_ReturnsFalse" classname="org.apache.commons.codec.language.MatchRatingApproachEncoderTest" time="0.001"/>
  <testcase name="testgetMinRating_11_Returns_3_Successfully" classname="org.apache.commons.codec.language.MatchRatingApproachEncoderTest" time="0.0"/>
  <testcase name="testGetFirstLast3__ALEXANDER_Returns_Aleder" classname="org.apache.commons.codec.language.MatchRatingApproachEncoderTest" time="0.0"/>
  <testcase name="testgetMinRating_5_Returns4_Successfully2" classname="org.apache.commons.codec.language.MatchRatingApproachEncoderTest" time="0.0"/>
  <testcase name="testCompare_Surname_COOPERFLYNN_SUPERLYN_SuccessfullyMatched" classname="org.apache.commons.codec.language.MatchRatingApproachEncoderTest" time="0.001"/>
  <testcase name="testCompare_Surname_PRZEMYSL_PSHEMESHIL_SuccessfullyMatched" classname="org.apache.commons.codec.language.MatchRatingApproachEncoderTest" time="0.0"/>
  <testcase name="testCompareNameNullSpace_ReturnsFalseSuccessfully" classname="org.apache.commons.codec.language.MatchRatingApproachEncoderTest" time="0.0"/>
  <testcase name="testGetMinRating_13_Returns_1_Successfully" classname="org.apache.commons.codec.language.MatchRatingApproachEncoderTest" time="0.0"/>
  <testcase name="testAccentRemoval_MixedWithUnusualChars_SuccessfullyRemovedAndUnusualCharactersInvariant" classname="org.apache.commons.codec.language.MatchRatingApproachEncoderTest" time="0.0"/>
  <testcase name="testCompare_BURNS_BOURNE_SuccessfullyMatched" classname="org.apache.commons.codec.language.MatchRatingApproachEncoderTest" time="0.0"/>
  <testcase name="testAccentRemovalNormalString_NoChange" classname="org.apache.commons.codec.language.MatchRatingApproachEncoderTest" time="0.0"/>
  <testcase name="testCompare_SmallInput_CARK_Kl_SuccessfullyMatched" classname="org.apache.commons.codec.language.MatchRatingApproachEncoderTest" time="0.0"/>
  <testcase name="testCompare_PETERSON_PETERS_SuccessfullyMatched" classname="org.apache.commons.codec.language.MatchRatingApproachEncoderTest" time="0.0"/>
  <testcase name="testCompare_Surname_ROSOCHOWACIEC_ROSOKHOVATSETS_SuccessfullyMatched" classname="org.apache.commons.codec.language.MatchRatingApproachEncoderTest" time="0.0"/>
  <testcase name="testCompare_Surname_AUERBACH_UHRBACH_SuccessfullyMatched" classname="org.apache.commons.codec.language.MatchRatingApproachEncoderTest" time="0.0"/>
  <testcase name="testGetEncoding_NoSpace_to_Nothing" classname="org.apache.commons.codec.language.MatchRatingApproachEncoderTest" time="0.0"/>
  <testcase name="testCompare_LongSurnames_OMUIRCHEARTAIGH_OMIREADHAIGH_SuccessfulMatch" classname="org.apache.commons.codec.language.MatchRatingApproachEncoderTest" time="0.001"/>
  <testcase name="testRemoveDoubleDoubleVowel_BEETLE_NotRemoved" classname="org.apache.commons.codec.language.MatchRatingApproachEncoderTest" time="0.0"/>
  <testcase name="testCompare_Forenames_UNA_OONAGH_ShouldSuccessfullyMatchButDoesNot" classname="org.apache.commons.codec.language.MatchRatingApproachEncoderTest" time="0.0"/>
  <testcase name="testCompare_STEVEN_STEFAN_SuccessfullyMatched" classname="org.apache.commons.codec.language.MatchRatingApproachEncoderTest" time="0.0"/>
  <testcase name="testCompare_Forenames_SEAN_PETE_NoMatchExpected" classname="org.apache.commons.codec.language.MatchRatingApproachEncoderTest" time="0.0"/>
  <testcase name="testIsEncodeEqualsSecondNameJust1Letter_ReturnsFalse" classname="org.apache.commons.codec.language.MatchRatingApproachEncoderTest" time="0.0"/>
  <testcase name="testCompare_COLM_COLIN_WithAccentsAndSymbolsAndSpaces_SuccessfullyMatched" classname="org.apache.commons.codec.language.MatchRatingApproachEncoderTest" time="0.0"/>
  <testcase name="testCompare_LongSurnames_MORIARTY_OMUIRCHEARTAIGH_DoesNotSuccessfulMatch" classname="org.apache.commons.codec.language.MatchRatingApproachEncoderTest" time="0.0"/>
  <testcase name="testCompare_Surname_OSULLIVAN_OSUILLEABHAIN_SuccessfulMatch" classname="org.apache.commons.codec.language.MatchRatingApproachEncoderTest" time="0.0"/>
  <testcase name="testCompare_Surnames_MURPHY_LYNCH_NoMatchExpected" classname="org.apache.commons.codec.language.MatchRatingApproachEncoderTest" time="0.0"/>
  <testcase name="testCompare_SEAN_SHAUN_SuccessfullyMatched" classname="org.apache.commons.codec.language.MatchRatingApproachEncoderTest" time="0.0"/>
  <testcase name="testCompareNameToSingleLetter_KARL_C_DoesNotMatch" classname="org.apache.commons.codec.language.MatchRatingApproachEncoderTest" time="0.0"/>
  <testcase name="testCompare_FRANCISZEK_FRANCES_SuccessfullyMatched" classname="org.apache.commons.codec.language.MatchRatingApproachEncoderTest" time="0.001"/>
  <testcase name="testGetEncoding_SMYTH_to_SMYTH" classname="org.apache.commons.codec.language.MatchRatingApproachEncoderTest" time="0.0"/>
  <testcase name="testgetMinRating_8_Returns3_Successfully" classname="org.apache.commons.codec.language.MatchRatingApproachEncoderTest" time="0.0"/>
  <testcase name="testGetFirstLast3_PETE_Returns_PETE" classname="org.apache.commons.codec.language.MatchRatingApproachEncoderTest" time="0.0"/>
  <testcase name="testLeftToRightThenRightToLeft_EINSTEIN_MICHAELA_Returns0" classname="org.apache.commons.codec.language.MatchRatingApproachEncoderTest" time="0.0"/>
  <testcase name="testgetMinRating_5_Returns4_Successfully" classname="org.apache.commons.codec.language.MatchRatingApproachEncoderTest" time="0.0"/>
  <testcase name="testAccentRemoval_NINO_NoChange" classname="org.apache.commons.codec.language.MatchRatingApproachEncoderTest" time="0.0"/>
  <testcase name="testgetMinRating_10_Returns3_Successfully" classname="org.apache.commons.codec.language.MatchRatingApproachEncoderTest" time="0.0"/>
  <testcase name="testGetEncoding_One_Letter_to_Nothing" classname="org.apache.commons.codec.language.MatchRatingApproachEncoderTest" time="0.0"/>
  <testcase name="testAccentRemoval_AllLower_SuccessfullyRemoved" classname="org.apache.commons.codec.language.MatchRatingApproachEncoderTest" time="0.0"/>
  <testcase name="testIsEncodeEquals_CornerCase_SecondNameNothing_ReturnsFalse" classname="org.apache.commons.codec.language.MatchRatingApproachEncoderTest" time="0.0"/>
  <testcase name="testIsEncodeEquals_CornerCase_SecondNameNull_ReturnsFalse" classname="org.apache.commons.codec.language.MatchRatingApproachEncoderTest" time="0.0"/>
  <testcase name="testRemoveVowel__DECLAN_Returns_DCLN" classname="org.apache.commons.codec.language.MatchRatingApproachEncoderTest" time="0.0"/>
  <testcase name="testGetEncoding_Space_to_Nothing" classname="org.apache.commons.codec.language.MatchRatingApproachEncoderTest" time="0.0"/>
  <testcase name="testGetEncoding_SMITH_to_SMTH" classname="org.apache.commons.codec.language.MatchRatingApproachEncoderTest" time="0.0"/>
  <testcase name="testAccentRemoval_WithSpaces_SuccessfullyRemovedAndSpacesInvariant" classname="org.apache.commons.codec.language.MatchRatingApproachEncoderTest" time="0.0"/>
  <testcase name="testCompare_Surname_LEWINSKY_LEVINSKI_SuccessfullyMatched" classname="org.apache.commons.codec.language.MatchRatingApproachEncoderTest" time="0.0"/>
  <testcase name="testIsEncodeEquals_CornerCase_FirstNameNothing_ReturnsFalse" classname="org.apache.commons.codec.language.MatchRatingApproachEncoderTest" time="0.0"/>
  <testcase name="testCompare_SurnamesCornerCase_MURPHY_NoSpace_NoMatch" classname="org.apache.commons.codec.language.MatchRatingApproachEncoderTest" time="0.0"/>
  <testcase name="testIsEncodeEquals_CornerCase_FirstNameNull_ReturnsFalse" classname="org.apache.commons.codec.language.MatchRatingApproachEncoderTest" time="0.0"/>
  <testcase name="testCompare_BRIAN_BRYAN_SuccessfullyMatched" classname="org.apache.commons.codec.language.MatchRatingApproachEncoderTest" time="0.0"/>
  <testcase name="testIsEncodeEquals_CornerCase_FirstNameJustSpace_ReturnsFalse" classname="org.apache.commons.codec.language.MatchRatingApproachEncoderTest" time="0.0"/>
</testsuite>